<?xml version="1.0" encoding="UTF-8" ?>
<testsuite tests="3" failures="3" name="com.ibm.test.TestProductRepository" time="0.005" errors="0" skipped="0">
  <properties>
[...]
</properties>
  <testcase classname="com.ibm.test.TestProductRepository" name="com.ibm.test.TestProductRepository.testSave" time="0.002">
    <failure message="Cannot invoke &quot;com.ibm.repo.ProductRepository.save(com.ibm.entity.Product)&quot; because &quot;this.repo&quot; is null" type="java.lang.NullPointerException">java.lang.NullPointerException: Cannot invoke &quot;com.ibm.repo.ProductRepository.save(com.ibm.entity.Product)&quot; because &quot;this.repo&quot; is null
	at com.ibm.test.TestProductRepository.testSave(TestProductRepository.java:25)
</failure>
  </testcase>
  <testcase classname="com.ibm.test.TestProductRepository" name="com.ibm.test.TestProductRepository.testFetch" time="0">
    <failure message="Cannot invoke &quot;com.ibm.repo.ProductRepository.fetch(int)&quot; because &quot;this.repo&quot; is null" type="java.lang.NullPointerException">java.lang.NullPointerException: Cannot invoke &quot;com.ibm.repo.ProductRepository.fetch(int)&quot; because &quot;this.repo&quot; is null
	at com.ibm.test.TestProductRepository.testFetch(TestProductRepository.java:30)
</failure>
  </testcase>
  <testcase classname="com.ibm.test.TestProductRepository" name="com.ibm.test.TestProductRepository.testList" time="0.003">
    <failure message="Cannot invoke &quot;com.ibm.repo.ProductRepository.list()&quot; because &quot;this.repo&quot; is null" type="java.lang.NullPointerException">java.lang.NullPointerException: Cannot invoke &quot;com.ibm.repo.ProductRepository.list()&quot; because &quot;this.repo&quot; is null
	at com.ibm.test.TestProductRepository.testList(TestProductRepository.java:37)
</failure>
  </testcase>
</testsuite>